{
  "stats": {
    "suites": 1,
    "tests": 2,
    "passes": 1,
    "pending": 0,
    "failures": 1,
    "start": "2025-02-24T06:46:21.639Z",
    "end": "2025-02-24T06:46:43.226Z",
    "duration": 21587,
    "testsRegistered": 2,
    "passPercent": 50,
    "pendingPercent": 0,
    "other": 1,
    "hasOther": true,
    "skipped": 0,
    "hasSkipped": false
  },
  "results": [
    {
      "uuid": "0b8dff27-3c01-4e62-a5c7-538ddf2ed671",
      "title": "",
      "fullFile": "cypress\\e2e\\login.cy.js",
      "file": "cypress\\e2e\\login.cy.js",
      "beforeHooks": [],
      "afterHooks": [],
      "tests": [],
      "suites": [
        {
          "uuid": "10b9b51d-b90f-4ae4-8d32-f4bc1fe824dd",
          "title": "Login and Assessment Template Tests",
          "fullFile": "",
          "file": "",
          "beforeHooks": [],
          "afterHooks": [],
          "tests": [
            {
              "title": "Should navigate to home after login",
              "fullTitle": "Login and Assessment Template Tests Should navigate to home after login",
              "timedOut": null,
              "duration": 10516,
              "state": "passed",
              "speed": "slow",
              "pass": true,
              "fail": false,
              "pending": false,
              "context": null,
              "code": "cy.url().should('include', '/home');",
              "err": {},
              "uuid": "bd1f1ed9-3071-4e08-96a9-a0abb68d79d7",
              "parentUUID": "10b9b51d-b90f-4ae4-8d32-f4bc1fe824dd",
              "isHook": false,
              "skipped": false
            },
            {
              "title": "Add Assessment Template",
              "fullTitle": "Login and Assessment Template Tests Add Assessment Template",
              "timedOut": null,
              "duration": 205,
              "state": "failed",
              "speed": null,
              "pass": false,
              "fail": true,
              "pending": false,
              "context": null,
              "code": "// Wait for Third-Party Risk Management element to be visible and click it\ncy.xpath(\"//p[contains(@class,'custom-slider-desc')][normalize-space()='Third-Party Risk Management']\").should('be.visible').click();\ncy.wait(5000);\n// Expand the navbar\ncy.get('button.e-control.e-btn.e-lib.btn-toggle').as('toggleBtn').should('be.visible').click();\ncy.wait(4000);\n// Navigate to Assessment Template\ncy.xpath(\"//span[normalize-space()='Assessment Template']\").should('exist').should('be.visible').click();\n// Click on Create Template\ncy.xpath(\"//a[normalize-space()='Create Template']\").click();\n// Handle the modal for template creation\ncy.get('div[class*=\"custom-modal\"]').each($modal => {\n  cy.wrap($modal).within(() => {\n    cy.get('input#TemplateName').should('be.empty').type('Test Template Name');\n    // Select dropdown option for Outcome Type\n    cy.get('input#OutcomeTypeId').parent().click();\n    cy.get('ul[role=\"listbox\"] li').contains('Satisfactory/Non-satisfactory').click({\n      force: true\n    });\n    // Click the Create button\n    cy.get('button.e-primary').contains('Create').click();\n    cy.wait(5000);\n    // Verify template is added\n    cy.get('table', {\n      timeout: 10000\n    }).should('be.visible');\n    cy.get('table tbody tr', {\n      timeout: 10000\n    }).should('have.length.at.least', 1);\n    cy.contains('td', 'Test Template Name', {\n      timeout: 10000\n    }).should('be.visible').parent().within(() => {\n      cy.get('span#template-ToolTip').should('have.text', 'Test Template Name');\n    });\n  });\n});",
              "err": {
                "message": "CypressError: `cy.click()` failed because it requires a DOM element.\n\nThe subject received was:\n\n  > `undefined`\n\nThe previous command that ran was:\n\n  > `cy.xpath()`\n\nBecause this error occurred during a `after all` hook we are skipping the remaining tests in the current suite: `Login and Assessment Templa...`",
                "estack": "CypressError: `cy.click()` failed because it requires a DOM element.\n\nThe subject received was:\n\n  > `undefined`\n\nThe previous command that ran was:\n\n  > `cy.xpath()`\n\nBecause this error occurred during a `after all` hook we are skipping the remaining tests in the current suite: `Login and Assessment Templa...`\n    at isElement (http://clientapp.narola.online:1196/__cypress/runner/cypress_runner.js:144774:58)\n    at validateType (http://clientapp.narola.online:1196/__cypress/runner/cypress_runner.js:144623:14)\n    at Object.isType (http://clientapp.narola.online:1196/__cypress/runner/cypress_runner.js:144654:7)\n    at $Cy.pushSubject (http://clientapp.narola.online:1196/__cypress/runner/cypress_runner.js:138325:22)\n    at wrapped (http://clientapp.narola.online:1196/__cypress/runner/cypress_runner.js:137882:19)\nFrom Your Spec Code:\n    at captureUserInvocationStack (http://clientapp.narola.online:1196/__cypress/runner/cypress_runner.js:138885:94)\n    at Assertion.assert (http://clientapp.narola.online:1196/__cypress/runner/cypress_runner.js:138913:9)\n    at Assertion.<anonymous> (http://clientapp.narola.online:1196/__cypress/runner/cypress_runner.js:138855:25)\n    at Assertion.overwritingPropertyGetter (http://clientapp.narola.online:1196/__cypress/runner/cypress_runner.js:78003:37)\n    at Object.proxyGetter [as get] (http://clientapp.narola.online:1196/__cypress/runner/cypress_runner.js:77869:22)\n    at exists (http://clientapp.narola.online:1196/__cypress/runner/cypress_runner.js:142734:26)\n    at elExists (http://clientapp.narola.online:1196/__cypress/runner/cypress_runner.js:142749:10)\n    at ensureExistence (http://clientapp.narola.online:1196/__cypress/runner/cypress_runner.js:142930:22)\n    at onFailFn (http://clientapp.narola.online:1196/__cypress/runner/cypress_runner.js:142959:53)\n    at tryCatcher (http://clientapp.narola.online:1196/__cypress/runner/cypress_runner.js:1777:23)",
                "diff": null
              },
              "uuid": "97c0ac7a-37da-4ab9-b8d1-969ebc215c98",
              "parentUUID": "10b9b51d-b90f-4ae4-8d32-f4bc1fe824dd",
              "isHook": false,
              "skipped": false
            }
          ],
          "suites": [],
          "passes": [
            "bd1f1ed9-3071-4e08-96a9-a0abb68d79d7"
          ],
          "failures": [
            "97c0ac7a-37da-4ab9-b8d1-969ebc215c98"
          ],
          "pending": [],
          "skipped": [],
          "duration": 10721,
          "root": false,
          "rootEmpty": false,
          "_timeout": 2000
        }
      ],
      "passes": [],
      "failures": [],
      "pending": [],
      "skipped": [],
      "duration": 0,
      "root": true,
      "rootEmpty": true,
      "_timeout": 2000
    }
  ],
  "meta": {
    "mocha": {
      "version": "7.0.1"
    },
    "mochawesome": {
      "options": {
        "quiet": false,
        "reportFilename": "mochawesome",
        "saveHtml": true,
        "saveJson": true,
        "consoleReporter": "spec",
        "useInlineDiffs": false,
        "code": true
      },
      "version": "7.1.3"
    },
    "marge": {
      "options": {
        "reportDir": "cypress/reports",
        "overwrite": true,
        "html": true,
        "json": true
      },
      "version": "6.2.0"
    }
  }
}